<?xml version="1.0" encoding="UTF-8"?>
<!-- Generated by org.testng.reporters.JUnitReportReporter -->
<testsuite hostname="LAPTOP-R5NV1QLO" failures="0" tests="1" name="Bol.Rome.itlTest" time="0.012" errors="0" timestamp="2021-09-13T00:06:53 EDT" skipped="0">
  <testcase classname="Bol.Rome.itlTest" name="game" time="0.012"/>
  <system-out/>
</testsuite> <!-- Bol.Rome.itlTest -->
